2022-12-12 14:27:16,977 [main] INFO Hybrid Framework - Navigating to the URL
2022-12-12 14:27:20,454 [main] INFO Hybrid Framework - Maximizing the window
2022-12-12 14:27:20,530 [main] INFO Hybrid Framework - Entering username
2022-12-12 14:27:20,591 [main] INFO Hybrid Framework - Entering password
2022-12-12 14:27:21,480 [main] INFO Hybrid Framework - Press login button
2022-12-12 14:27:21,484 [main] INFO Hybrid Framework - User redirected to the correct page
2022-12-12 21:06:24,010 [main] INFO Hybrid Framework - Navigating to the URL
2022-12-12 21:06:27,487 [main] INFO Hybrid Framework - Maximizing the window
2022-12-12 21:06:27,561 [main] INFO Hybrid Framework - Entering username
2022-12-12 21:06:27,601 [main] INFO Hybrid Framework - Entering password
2022-12-12 21:06:28,956 [main] INFO Hybrid Framework - Press login button
2022-12-12 21:06:28,961 [main] INFO Hybrid Framework - User redirected to the correct page
2022-12-12 21:12:17,993 [main] INFO Hybrid Framework - Navigating to the URL
2022-12-12 21:12:21,487 [main] INFO Hybrid Framework - Maximizing the window
2022-12-12 21:12:21,575 [main] INFO Hybrid Framework - Entering username
2022-12-12 21:12:21,618 [main] INFO Hybrid Framework - Entering password
2022-12-12 21:12:22,954 [main] INFO Hybrid Framework - Press login button
2022-12-12 21:12:22,958 [main] INFO Hybrid Framework - User redirected to the correct page
2022-12-12 21:13:53,998 [main] INFO Hybrid Framework - Navigating to the URL
2022-12-12 21:13:57,602 [main] INFO Hybrid Framework - Maximizing the window
2022-12-12 21:13:57,651 [main] INFO Hybrid Framework - Entering username
2022-12-12 21:13:57,778 [main] INFO Hybrid Framework - Entering password
2022-12-12 21:13:59,282 [main] INFO Hybrid Framework - Press login button
2022-12-12 21:13:59,286 [main] INFO Hybrid Framework - User redirected to the correct page
2022-12-12 22:18:47,551 [main] INFO Hybrid Framework - Navigating to the URL
2022-12-12 22:18:51,022 [main] INFO Hybrid Framework - Maximizing the window
2022-12-12 22:18:51,111 [main] INFO Hybrid Framework - Entering username
2022-12-12 22:18:51,164 [main] INFO Hybrid Framework - Entering password
2022-12-12 22:18:52,663 [main] INFO Hybrid Framework - Press login button
2022-12-12 22:18:52,667 [main] INFO Hybrid Framework - User redirected to the correct page
2022-12-12 22:20:37,641 [main] INFO Hybrid Framework - Navigating to the URL
2022-12-12 22:20:41,136 [main] INFO Hybrid Framework - Maximizing the window
2022-12-12 22:20:41,223 [main] INFO Hybrid Framework - Entering username
2022-12-12 22:20:41,267 [main] INFO Hybrid Framework - Entering password
2022-12-12 22:20:42,834 [main] INFO Hybrid Framework - Press login button
2022-12-12 22:20:42,838 [main] INFO Hybrid Framework - User redirected to the correct page
2022-12-12 22:27:56,402 [main] INFO Hybrid Framework - Navigating to the URL
2022-12-12 22:27:59,875 [main] INFO Hybrid Framework - Maximizing the window
2022-12-12 22:27:59,940 [main] INFO Hybrid Framework - Entering username
2022-12-12 22:27:59,984 [main] INFO Hybrid Framework - Entering password
2022-12-12 22:28:01,532 [main] INFO Hybrid Framework - Press login button
